Using pre-set license
Built from '2022.3/staging' branch; Version is '2022.3.15f1 (b58023a2b463) revision 11894819'; Using compiler version '192829333'; Build Type 'Release'
OS: 'Windows 11  (10.0.22631) 64bit Core' Language: 'en' Physical Memory: 15732 MB
BatchMode: 1, IsHumanControllingUs: 0, StartBugReporterOnCrash: 0, Is64bit: 1, IsPro: 1

COMMAND LINE ARGUMENTS:
C:\Program Files\Unity\Hub\Editor\2022.3.15f1\Editor\Unity.exe
-adb2
-batchMode
-noUpm
-name
AssetImportWorker0
-projectPath
C:/Users/emmap/Desktop/bookish-palm-tree/Just Bee
-logFile
Logs/AssetImportWorker0.log
-srvPort
63687
Successfully changed project path to: C:/Users/emmap/Desktop/bookish-palm-tree/Just Bee
C:/Users/emmap/Desktop/bookish-palm-tree/Just Bee
[UnityMemory] Configuration Parameters - Can be set up in boot.config
    "memorysetup-bucket-allocator-granularity=16"
    "memorysetup-bucket-allocator-bucket-count=8"
    "memorysetup-bucket-allocator-block-size=33554432"
    "memorysetup-bucket-allocator-block-count=8"
    "memorysetup-main-allocator-block-size=16777216"
    "memorysetup-thread-allocator-block-size=16777216"
    "memorysetup-gfx-main-allocator-block-size=16777216"
    "memorysetup-gfx-thread-allocator-block-size=16777216"
    "memorysetup-cache-allocator-block-size=4194304"
    "memorysetup-typetree-allocator-block-size=2097152"
    "memorysetup-profiler-bucket-allocator-granularity=16"
    "memorysetup-profiler-bucket-allocator-bucket-count=8"
    "memorysetup-profiler-bucket-allocator-block-size=33554432"
    "memorysetup-profiler-bucket-allocator-block-count=8"
    "memorysetup-profiler-allocator-block-size=16777216"
    "memorysetup-profiler-editor-allocator-block-size=1048576"
    "memorysetup-temp-allocator-size-main=16777216"
    "memorysetup-job-temp-allocator-block-size=2097152"
    "memorysetup-job-temp-allocator-block-size-background=1048576"
    "memorysetup-job-temp-allocator-reduction-small-platforms=262144"
    "memorysetup-allocator-temp-initial-block-size-main=262144"
    "memorysetup-allocator-temp-initial-block-size-worker=262144"
    "memorysetup-temp-allocator-size-background-worker=32768"
    "memorysetup-temp-allocator-size-job-worker=262144"
    "memorysetup-temp-allocator-size-preload-manager=33554432"
    "memorysetup-temp-allocator-size-nav-mesh-worker=65536"
    "memorysetup-temp-allocator-size-audio-worker=65536"
    "memorysetup-temp-allocator-size-cloud-worker=32768"
    "memorysetup-temp-allocator-size-gi-baking-worker=262144"
    "memorysetup-temp-allocator-size-gfx=262144"
Player connection [23800] Host "[IP] 192.168.1.100 [Port] 0 [Flags] 2 [Guid] 1558070490 [EditorId] 1558070490 [Version] 1048832 [Id] WindowsEditor(7,LAPTOP-87CSN75E) [Debug] 1 [PackageName] WindowsEditor [ProjectName] Editor" joined multi-casting on [225.0.0.222:54997]...

Player connection [23800] Host "[IP] 192.168.1.100 [Port] 0 [Flags] 2 [Guid] 1558070490 [EditorId] 1558070490 [Version] 1048832 [Id] WindowsEditor(7,LAPTOP-87CSN75E) [Debug] 1 [PackageName] WindowsEditor [ProjectName] Editor" joined alternative multi-casting on [225.0.0.222:34997]...

[Physics::Module] Initialized MultithreadedJobDispatcher with 15 workers.
Refreshing native plugins compatible for Editor in 15.14 ms, found 4 plugins.
Preloading 0 native plugins for Editor in 0.00 ms.
Initialize engine version: 2022.3.15f1 (b58023a2b463)
[Subsystems] Discovering subsystems at path C:/Program Files/Unity/Hub/Editor/2022.3.15f1/Editor/Data/Resources/UnitySubsystems
[Subsystems] Discovering subsystems at path C:/Users/emmap/Desktop/bookish-palm-tree/Just Bee/Assets
GfxDevice: creating device client; threaded=0; jobified=0
Direct3D:
    Version:  Direct3D 11.0 [level 11.1]
    Renderer: NVIDIA GeForce GTX 1650 Ti (ID=0x1f95)
    Vendor:   NVIDIA
    VRAM:     3950 MB
    Driver:   31.0.15.4626
Initialize mono
Mono path[0] = 'C:/Program Files/Unity/Hub/Editor/2022.3.15f1/Editor/Data/Managed'
Mono path[1] = 'C:/Program Files/Unity/Hub/Editor/2022.3.15f1/Editor/Data/MonoBleedingEdge/lib/mono/unityjit-win32'
Mono config path = 'C:/Program Files/Unity/Hub/Editor/2022.3.15f1/Editor/Data/MonoBleedingEdge/etc'
Using monoOptions --debugger-agent=transport=dt_socket,embedding=1,server=y,suspend=n,address=127.0.0.1:56228
Begin MonoManager ReloadAssembly
Registering precompiled unity dll's ...
Register platform support module: C:/Program Files/Unity/Hub/Editor/2022.3.15f1/Editor/Data/PlaybackEngines/WebGLSupport/UnityEditor.WebGL.Extensions.dll
Register platform support module: C:/Program Files/Unity/Hub/Editor/2022.3.15f1/Editor/Data/PlaybackEngines/WindowsStandaloneSupport/UnityEditor.WindowsStandalone.Extensions.dll
Registered in 0.012431 seconds.
- Loaded All Assemblies, in  0.463 seconds
Native extension for WindowsStandalone target not found
Native extension for WebGL target not found
Mono: successfully reloaded assembly
- Finished resetting the current domain, in  0.325 seconds
Domain Reload Profiling: 785ms
	BeginReloadAssembly (162ms)
		ExecutionOrderSort (0ms)
		DisableScriptedObjects (0ms)
		BackupInstance (0ms)
		ReleaseScriptingObjects (0ms)
		CreateAndSetChildDomain (1ms)
	RebuildCommonClasses (46ms)
	RebuildNativeTypeToScriptingClass (12ms)
	initialDomainReloadingComplete (76ms)
	LoadAllAssembliesAndSetupDomain (164ms)
		LoadAssemblies (159ms)
		RebuildTransferFunctionScriptingTraits (0ms)
		AnalyzeDomain (162ms)
			TypeCache.Refresh (160ms)
				TypeCache.ScanAssembly (145ms)
			ScanForSourceGeneratedMonoScriptInfo (1ms)
			ResolveRequiredComponents (1ms)
	FinalizeReload (325ms)
		ReleaseScriptCaches (0ms)
		RebuildScriptCaches (0ms)
		SetupLoadedEditorAssemblies (253ms)
			LogAssemblyErrors (0ms)
			InitializePlatformSupportModulesInManaged (12ms)
			SetLoadedEditorAssemblies (6ms)
			RefreshPlugins (0ms)
			BeforeProcessingInitializeOnLoad (2ms)
			ProcessInitializeOnLoadAttributes (176ms)
			ProcessInitializeOnLoadMethodAttributes (57ms)
			AfterProcessingInitializeOnLoad (0ms)
			EditorAssembliesLoaded (0ms)
		ExecutionOrderSort2 (0ms)
		AwakeInstancesAfterBackupRestoration (0ms)
========================================================================
Worker process is ready to serve import requests
Begin MonoManager ReloadAssembly
- Loaded All Assemblies, in  0.870 seconds
Refreshing native plugins compatible for Editor in 10.63 ms, found 4 plugins.
Native extension for WindowsStandalone target not found
Native extension for WebGL target not found
System.Exception: Error! Visual Scripting: couldn't find visual scripting package
  at Unity.VisualScripting.PackageVersionUtility.get_version () [0x00043] in .\Library\PackageCache\com.unity.visualscripting@1.9.1\Editor\VisualScripting.Core\Utilities\PackageVersionUtility.cs:31 
  at Unity.VisualScripting.BoltCoreManifest.get_version () [0x00000] in .\Library\PackageCache\com.unity.visualscripting@1.9.1\Editor\VisualScripting.Core\Plugin\BoltCoreManifest.cs:11 
  at Unity.VisualScripting.PluginManifest.get_currentVersion () [0x00000] in .\Library\PackageCache\com.unity.visualscripting@1.9.1\Editor\VisualScripting.Core\Plugins\PluginManifest.cs:33 
  at Unity.VisualScripting.PluginManifest.get_versionMismatch () [0x00000] in .\Library\PackageCache\com.unity.visualscripting@1.9.1\Editor\VisualScripting.Core\Plugins\PluginManifest.cs:48 
  at Unity.VisualScripting.PluginContainer.Initialize () [0x00525] in .\Library\PackageCache\com.unity.visualscripting@1.9.1\Editor\VisualScripting.Core\Plugins\PluginContainer.cs:208 
  at Unity.VisualScripting.PluginContainer.InitializeOnLoad () [0x00009] in .\Library\PackageCache\com.unity.visualscripting@1.9.1\Editor\VisualScripting.Core\Plugins\PluginContainer.cs:32 
  at Unity.VisualScripting.VSUsageUtility.DoInitializeOnLoadCalls () [0x00034] in .\Library\PackageCache\com.unity.visualscripting@1.9.1\Editor\VisualScripting.Core\Utilities\VSUsageUtility.cs:76 
  at Unity.VisualScripting.VSUsageUtility.set_isVisualScriptingUsed (System.Boolean value) [0x0002c] in .\Library\PackageCache\com.unity.visualscripting@1.9.1\Editor\VisualScripting.Core\Utilities\VSUsageUtility.cs:114 
  at Unity.VisualScripting.VSUsageUtility.CheckAndSetIsVisualScriptingUsed () [0x00032] in .\Library\PackageCache\com.unity.visualscripting@1.9.1\Editor\VisualScripting.Core\Utilities\VSUsageUtility.cs:48 
  at Unity.VisualScripting.VSUsageUtility..cctor () [0x00000] in .\Library\PackageCache\com.unity.visualscripting@1.9.1\Editor\VisualScripting.Core\Utilities\VSUsageUtility.cs:22 
UnityEngine.StackTraceUtility:ExtractStackTrace ()
UnityEngine.DebugLogHandler:LogFormat (UnityEngine.LogType,UnityEngine.Object,string,object[])
UnityEngine.Logger:Log (UnityEngine.LogType,object)
UnityEngine.Debug:LogError (object)
UnityEditor.EditorAssemblies:ProcessInitializeOnLoadAttributes (System.Type[])

Package Manager log level set to [2]
[Package Manager] Server::EnsureServerProcessIsRunning -- launch failed, reason: Unity was launched with the -noUpm command-line argument
[Package Manager] UpmClient::Send -- Unable to send message (not connected to UPM process).
[Package Manager] Cannot connect to Unity Package Manager local server
Mono: successfully reloaded assembly
- Finished resetting the current domain, in  1.222 seconds
Domain Reload Profiling: 2086ms
	BeginReloadAssembly (174ms)
		ExecutionOrderSort (0ms)
		DisableScriptedObjects (6ms)
		BackupInstance (0ms)
		ReleaseScriptingObjects (0ms)
		CreateAndSetChildDomain (25ms)
	RebuildCommonClasses (37ms)
	RebuildNativeTypeToScriptingClass (11ms)
	initialDomainReloadingComplete (55ms)
	LoadAllAssembliesAndSetupDomain (587ms)
		LoadAssemblies (484ms)
		RebuildTransferFunctionScriptingTraits (0ms)
		AnalyzeDomain (207ms)
			TypeCache.Refresh (169ms)
				TypeCache.ScanAssembly (149ms)
			ScanForSourceGeneratedMonoScriptInfo (30ms)
			ResolveRequiredComponents (6ms)
	FinalizeReload (1223ms)
		ReleaseScriptCaches (0ms)
		RebuildScriptCaches (0ms)
		SetupLoadedEditorAssemblies (1040ms)
			LogAssemblyErrors (0ms)
			InitializePlatformSupportModulesInManaged (9ms)
			SetLoadedEditorAssemblies (4ms)
			RefreshPlugins (0ms)
			BeforeProcessingInitializeOnLoad (80ms)
			ProcessInitializeOnLoadAttributes (888ms)
			ProcessInitializeOnLoadMethodAttributes (48ms)
			AfterProcessingInitializeOnLoad (11ms)
			EditorAssembliesLoaded (0ms)
		ExecutionOrderSort2 (0ms)
		AwakeInstancesAfterBackupRestoration (8ms)
Launched and connected shader compiler UnityShaderCompiler.exe after 0.08 seconds
Refreshing native plugins compatible for Editor in 11.87 ms, found 4 plugins.
Preloading 0 native plugins for Editor in 0.00 ms.
Unloading 4039 Unused Serialized files (Serialized files now loaded: 0)
Unloading 70 unused Assets / (244.6 KB). Loaded Objects now: 4496.
Memory consumption went from 148.6 MB to 148.4 MB.
Total: 18.060900 ms (FindLiveObjects: 0.364900 ms CreateObjectMapping: 0.103400 ms MarkObjects: 17.268400 ms  DeleteObjects: 0.322600 ms)

AssetImportParameters requested are different than current active one (requested -> active):
  custom:container-demuxer-ogg: 62fdf1f143b41e24485cea50d1cbac27 -> 
  custom:video-codec-MediaFoundation-h265: 746d11721c4dcdbdad8f713fa42b33f4 -> 
  custom:video-decoder-ogg-theora: a1e56fd34408186e4bbccfd4996cb3dc -> 
  custom:framework-win-MediaFoundation: 216162199b28c13a410421893ffa2e32 -> 
  custom:CustomObjectIndexerAttribute: 43b350a4d6e6d1791af0b5038c4bea17 -> 
  custom:container-demuxer-webm: 4f35f7cbe854078d1ac9338744f61a02 -> 
  custom:container-muxer-webm: aa71ff27fc2769a1b78a27578f13a17b -> 
  custom:video-decoder-webm-vp8: 9c59270c3fd7afecdb556c50c9e8de78 -> 
  custom:SearchIndexIgnoredProperties: e643bd26f0fe6173181afceb89e7c659 -> 
  custom:AudioImporter_EditorPlatform: d09bf68614088b80899f8185d706f6e7 -> 
  custom:video-encoder-webm-vp8: eb34c28f22e8b96e1ab97ce403110664 -> 
  custom:audio-decoder-ogg-vorbis: bf7c407c2cedff20999df2af8eb42d56 -> 
  custom:audio-encoder-webm-vorbis: bf7c407c2cedff20999df2af8eb42d56 -> 
========================================================================
Received Import Request.
  Time since last request: 103500.495878 seconds.
  path: Assets/Art/Grass 3.png
  artifactKey: Guid(9549121c04860cb46ba415bf723bcb1e) Importer(815301076,1909f56bfc062723c751e8b465ee728b)
Start importing Assets/Art/Grass 3.png using Guid(9549121c04860cb46ba415bf723bcb1e) Importer(815301076,1909f56bfc062723c751e8b465ee728b)  -> (artifact id: '0a753ffd7c85be43a0764e9b9b27bd97') in 0.132116 seconds
Number of updated asset objects reloaded before import = 0
Number of asset objects unloaded after import = 3
========================================================================
Received Import Request.
  Time since last request: 0.000024 seconds.
  path: Assets/Art/Flowers/Hyaccinth.png
  artifactKey: Guid(65d8c41f5a4d10a4aaff072a03d1314a) Importer(815301076,1909f56bfc062723c751e8b465ee728b)
Start importing Assets/Art/Flowers/Hyaccinth.png using Guid(65d8c41f5a4d10a4aaff072a03d1314a) Importer(815301076,1909f56bfc062723c751e8b465ee728b)  -> (artifact id: 'a3c0d3280b871451e979246978b368ae') in 0.026948 seconds
Number of updated asset objects reloaded before import = 0
Number of asset objects unloaded after import = 3
========================================================================
Received Import Request.
  Time since last request: 0.000021 seconds.
  path: Assets/Art/Grass 2.png
  artifactKey: Guid(d8136904b816fdd438d97abc0b01a9c6) Importer(815301076,1909f56bfc062723c751e8b465ee728b)
Start importing Assets/Art/Grass 2.png using Guid(d8136904b816fdd438d97abc0b01a9c6) Importer(815301076,1909f56bfc062723c751e8b465ee728b)  -> (artifact id: '92f1713007f25467af7dc24071abe87c') in 0.020820 seconds
Number of updated asset objects reloaded before import = 0
Number of asset objects unloaded after import = 3
========================================================================
Received Import Request.
  Time since last request: 0.000068 seconds.
  path: Assets/Art/Cloud 1.png
  artifactKey: Guid(520a0c94c300b794c825dfdce1442938) Importer(815301076,1909f56bfc062723c751e8b465ee728b)
Start importing Assets/Art/Cloud 1.png using Guid(520a0c94c300b794c825dfdce1442938) Importer(815301076,1909f56bfc062723c751e8b465ee728b)  -> (artifact id: 'fc6939b949c65391330cbe355be86dc4') in 0.020831 seconds
Number of updated asset objects reloaded before import = 0
Number of asset objects unloaded after import = 3
========================================================================
Received Import Request.
  Time since last request: 0.000081 seconds.
  path: Assets/Art/Flowers/Peony.png
  artifactKey: Guid(a694d9484236f014dab0c5c0a71e8ec0) Importer(815301076,1909f56bfc062723c751e8b465ee728b)
Start importing Assets/Art/Flowers/Peony.png using Guid(a694d9484236f014dab0c5c0a71e8ec0) Importer(815301076,1909f56bfc062723c751e8b465ee728b)  -> (artifact id: '6f22be7d41315514c694ca500404fac8') in 0.021060 seconds
Number of updated asset objects reloaded before import = 0
Number of asset objects unloaded after import = 3
========================================================================
Received Import Request.
  Time since last request: 0.000033 seconds.
  path: Assets/Art/Flowers/Tulip.png
  artifactKey: Guid(f869e32debdd45b4cb0c876f26b56d75) Importer(815301076,1909f56bfc062723c751e8b465ee728b)
Start importing Assets/Art/Flowers/Tulip.png using Guid(f869e32debdd45b4cb0c876f26b56d75) Importer(815301076,1909f56bfc062723c751e8b465ee728b)  -> (artifact id: '426aaeccef17605ed024bfba8db5793c') in 0.020508 seconds
Number of updated asset objects reloaded before import = 0
Number of asset objects unloaded after import = 3
========================================================================
Received Import Request.
  Time since last request: 0.000065 seconds.
  path: Assets/Art/Flowers/Daffodils.png
  artifactKey: Guid(7857592dac52aeb408ccd7572bbc510c) Importer(815301076,1909f56bfc062723c751e8b465ee728b)
Start importing Assets/Art/Flowers/Daffodils.png using Guid(7857592dac52aeb408ccd7572bbc510c) Importer(815301076,1909f56bfc062723c751e8b465ee728b)  -> (artifact id: 'c77e61914a7f893d49733ffd70e31f32') in 0.019011 seconds
Number of updated asset objects reloaded before import = 0
Number of asset objects unloaded after import = 3
========================================================================
Received Import Request.
  Time since last request: 0.000022 seconds.
  path: Assets/Art/Flowers/Lilac.png
  artifactKey: Guid(320175e398716ae4e8d8cf6dba857744) Importer(815301076,1909f56bfc062723c751e8b465ee728b)
Start importing Assets/Art/Flowers/Lilac.png using Guid(320175e398716ae4e8d8cf6dba857744) Importer(815301076,1909f56bfc062723c751e8b465ee728b)  -> (artifact id: 'b85fb0bdf531cfae6fa1eb673a642d9c') in 0.019254 seconds
Number of updated asset objects reloaded before import = 0
Number of asset objects unloaded after import = 3
========================================================================
Received Import Request.
  Time since last request: 0.000218 seconds.
  path: Assets/Art/Button2.png
  artifactKey: Guid(d20db8d74d532db4abd3212ca14f234d) Importer(815301076,1909f56bfc062723c751e8b465ee728b)
Start importing Assets/Art/Button2.png using Guid(d20db8d74d532db4abd3212ca14f234d) Importer(815301076,1909f56bfc062723c751e8b465ee728b)  -> (artifact id: '5241692733d0a87ec259f0833a1041cf') in 0.029197 seconds
Number of updated asset objects reloaded before import = 0
Number of asset objects unloaded after import = 3
========================================================================
Received Import Request.
  Time since last request: 78.496864 seconds.
  path: Assets/Art/Flowers/Azalea.png
  artifactKey: Guid(578d3896e13646c42961c53930cb7a11) Importer(815301076,1909f56bfc062723c751e8b465ee728b)
Start importing Assets/Art/Flowers/Azalea.png using Guid(578d3896e13646c42961c53930cb7a11) Importer(815301076,1909f56bfc062723c751e8b465ee728b)  -> (artifact id: '2d3ec21c4ed39d67ac1643dd1b2207b3') in 0.015068 seconds
Number of updated asset objects reloaded before import = 0
Number of asset objects unloaded after import = 2
========================================================================
Received Import Request.
  Time since last request: 8.859854 seconds.
  path: Assets/Art/Flowers/Azalea.png
  artifactKey: Guid(578d3896e13646c42961c53930cb7a11) Importer(815301076,1909f56bfc062723c751e8b465ee728b)
Start importing Assets/Art/Flowers/Azalea.png using Guid(578d3896e13646c42961c53930cb7a11) Importer(815301076,1909f56bfc062723c751e8b465ee728b)  -> (artifact id: 'a75e2332a4676606ab4f86970180c14a') in 0.098280 seconds
Number of updated asset objects reloaded before import = 0
Number of asset objects unloaded after import = 7
========================================================================
Received Import Request.
  Time since last request: 22.188522 seconds.
  path: Assets/Art/Flowers/Azalea.png
  artifactKey: Guid(578d3896e13646c42961c53930cb7a11) Importer(815301076,1909f56bfc062723c751e8b465ee728b)
Start importing Assets/Art/Flowers/Azalea.png using Guid(578d3896e13646c42961c53930cb7a11) Importer(815301076,1909f56bfc062723c751e8b465ee728b)  -> (artifact id: 'c284b298b45498f1f5dd01dcb01f741d') in 0.116338 seconds
Number of updated asset objects reloaded before import = 0
Number of asset objects unloaded after import = 3
========================================================================
Received Import Request.
  Time since last request: 695.152661 seconds.
  path: Assets/Art/Flowers/Azela Bloom.png
  artifactKey: Guid(21c30c885a1dcb14693dc46f598af78f) Importer(815301076,1909f56bfc062723c751e8b465ee728b)
Start importing Assets/Art/Flowers/Azela Bloom.png using Guid(21c30c885a1dcb14693dc46f598af78f) Importer(815301076,1909f56bfc062723c751e8b465ee728b)  -> (artifact id: 'e146a33cf1adb98cf9de4833b53c76f9') in 0.029045 seconds
Number of updated asset objects reloaded before import = 0
Number of asset objects unloaded after import = 3
========================================================================
Received Import Request.
  Time since last request: 0.000039 seconds.
  path: Assets/Art/Flowers/Not Bud.png
  artifactKey: Guid(fe6b882440ceadf4bbc1f57efee6cb90) Importer(815301076,1909f56bfc062723c751e8b465ee728b)
Start importing Assets/Art/Flowers/Not Bud.png using Guid(fe6b882440ceadf4bbc1f57efee6cb90) Importer(815301076,1909f56bfc062723c751e8b465ee728b)  -> (artifact id: 'c3474a560d9f20b8b6a258c445b50b1b') in 0.026191 seconds
Number of updated asset objects reloaded before import = 0
Number of asset objects unloaded after import = 3
========================================================================
Received Import Request.
  Time since last request: 0.000059 seconds.
  path: Assets/Art/Flowers/Hyaccinth Blooming.png
  artifactKey: Guid(13fe0426b6eb1f24c9dee0f62702cf53) Importer(815301076,1909f56bfc062723c751e8b465ee728b)
Start importing Assets/Art/Flowers/Hyaccinth Blooming.png using Guid(13fe0426b6eb1f24c9dee0f62702cf53) Importer(815301076,1909f56bfc062723c751e8b465ee728b)  -> (artifact id: '0579098879abc3cb0945f791eee10e1e') in 0.026741 seconds
Number of updated asset objects reloaded before import = 0
Number of asset objects unloaded after import = 3
========================================================================
Received Import Request.
  Time since last request: 0.000022 seconds.
  path: Assets/Art/Flowers/Peony Blossoming.png
  artifactKey: Guid(d0f1dce1b8102184886cc2b9ebd8bf38) Importer(815301076,1909f56bfc062723c751e8b465ee728b)
Start importing Assets/Art/Flowers/Peony Blossoming.png using Guid(d0f1dce1b8102184886cc2b9ebd8bf38) Importer(815301076,1909f56bfc062723c751e8b465ee728b)  -> (artifact id: '7e3f2fe9e48406a2e05a62393ec657e6') in 0.021331 seconds
Number of updated asset objects reloaded before import = 0
Number of asset objects unloaded after import = 3
========================================================================
Received Import Request.
  Time since last request: 0.000084 seconds.
  path: Assets/Art/Flowers/Hyaccinth Blooming_.png
  artifactKey: Guid(cdcb425d57e31b843979a4418b1b15ea) Importer(815301076,1909f56bfc062723c751e8b465ee728b)
Start importing Assets/Art/Flowers/Hyaccinth Blooming_.png using Guid(cdcb425d57e31b843979a4418b1b15ea) Importer(815301076,1909f56bfc062723c751e8b465ee728b)  -> (artifact id: '09ea47ccf9ebd2e19415c2825f3630f1') in 0.019832 seconds
Number of updated asset objects reloaded before import = 0
Number of asset objects unloaded after import = 3
========================================================================
Received Import Request.
  Time since last request: 0.000020 seconds.
  path: Assets/Art/Flowers/Primrose Blooming.png
  artifactKey: Guid(caa2820cf7059ff40899d09b53978d9d) Importer(815301076,1909f56bfc062723c751e8b465ee728b)
Start importing Assets/Art/Flowers/Primrose Blooming.png using Guid(caa2820cf7059ff40899d09b53978d9d) Importer(815301076,1909f56bfc062723c751e8b465ee728b)  -> (artifact id: 'a9fe3e0fb23119449e0fe0607b03deb8') in 0.030860 seconds
Number of updated asset objects reloaded before import = 0
Number of asset objects unloaded after import = 3
========================================================================
Received Import Request.
  Time since last request: 0.000029 seconds.
  path: Assets/Art/Flowers/Daisy Blooming.png
  artifactKey: Guid(89bc081fde3124845a907a4a74ff1c2f) Importer(815301076,1909f56bfc062723c751e8b465ee728b)
Start importing Assets/Art/Flowers/Daisy Blooming.png using Guid(89bc081fde3124845a907a4a74ff1c2f) Importer(815301076,1909f56bfc062723c751e8b465ee728b)  -> (artifact id: '11d397bbc81331ecad729d128a19b96e') in 0.020994 seconds
Number of updated asset objects reloaded before import = 0
Number of asset objects unloaded after import = 3
========================================================================
Received Import Request.
  Time since last request: 0.000052 seconds.
  path: Assets/Art/Flowers/Tuilp Blossoming_.png
  artifactKey: Guid(f9c592c35cbcbea47ae36d834ace3a0c) Importer(815301076,1909f56bfc062723c751e8b465ee728b)
Start importing Assets/Art/Flowers/Tuilp Blossoming_.png using Guid(f9c592c35cbcbea47ae36d834ace3a0c) Importer(815301076,1909f56bfc062723c751e8b465ee728b)  -> (artifact id: 'a3a6d88453695fba87a8858041150c1b') in 0.023922 seconds
Number of updated asset objects reloaded before import = 0
Number of asset objects unloaded after import = 3
========================================================================
Received Import Request.
  Time since last request: 21.771884 seconds.
  path: Assets/Prefabs
  artifactKey: Guid(31fb07854e134994594a9be4cb3149f2) Importer(815301076,1909f56bfc062723c751e8b465ee728b)
Start importing Assets/Prefabs using Guid(31fb07854e134994594a9be4cb3149f2) Importer(815301076,1909f56bfc062723c751e8b465ee728b)  -> (artifact id: 'd93ebe07a0bf85fa829ff9206c2fd34d') in 0.001005 seconds
Number of updated asset objects reloaded before import = 0
Number of asset objects unloaded after import = 0
========================================================================
Received Import Request.
  Time since last request: 78.072166 seconds.
  path: Assets/Prefabs/Lilac.prefab
  artifactKey: Guid(49dd55bc64f8bf143b2796d3408860b9) Importer(815301076,1909f56bfc062723c751e8b465ee728b)
Start importing Assets/Prefabs/Lilac.prefab using Guid(49dd55bc64f8bf143b2796d3408860b9) Importer(815301076,1909f56bfc062723c751e8b465ee728b)  -> (artifact id: 'c5c170a5719ed1d5b4cd5c49f82c57b5') in 0.007007 seconds
Number of updated asset objects reloaded before import = 0
Number of asset objects unloaded after import = 4
========================================================================
Received Import Request.
  Time since last request: 10.627243 seconds.
  path: Assets/Prefabs/New Folder
  artifactKey: Guid(62e5688512481ec4491396ae98a03871) Importer(815301076,1909f56bfc062723c751e8b465ee728b)
Start importing Assets/Prefabs/New Folder using Guid(62e5688512481ec4491396ae98a03871) Importer(815301076,1909f56bfc062723c751e8b465ee728b)  -> (artifact id: '5b828f75ddf7319c14bc26bfa8310baf') in 0.000998 seconds
Number of updated asset objects reloaded before import = 0
Number of asset objects unloaded after import = 0
========================================================================
Received Import Request.
  Time since last request: 13.193616 seconds.
  path: Assets/Prefabs/Peony.prefab
  artifactKey: Guid(2d7291a6abd17b04485beecbf1456d5c) Importer(815301076,1909f56bfc062723c751e8b465ee728b)
Start importing Assets/Prefabs/Peony.prefab using Guid(2d7291a6abd17b04485beecbf1456d5c) Importer(815301076,1909f56bfc062723c751e8b465ee728b)  -> (artifact id: 'cdc907a4c215bc8769cd49a3cb8f7e3c') in 0.002423 seconds
Number of updated asset objects reloaded before import = 0
Number of asset objects unloaded after import = 4
========================================================================
Received Import Request.
  Time since last request: 10.656017 seconds.
  path: Assets/Prefabs/Primrose.prefab
  artifactKey: Guid(468119b22705aae4b81253ee28fd92ae) Importer(815301076,1909f56bfc062723c751e8b465ee728b)
Start importing Assets/Prefabs/Primrose.prefab using Guid(468119b22705aae4b81253ee28fd92ae) Importer(815301076,1909f56bfc062723c751e8b465ee728b)  -> (artifact id: '1dd3d5321be665d0c7e50344ab6b0503') in 0.002667 seconds
Number of updated asset objects reloaded before import = 0
Number of asset objects unloaded after import = 4
========================================================================
Received Import Request.
  Time since last request: 93.049557 seconds.
  path: Assets/Prefabs/Daisy.prefab
  artifactKey: Guid(c63db5a10b5affd4e8759d04a2b526bf) Importer(815301076,1909f56bfc062723c751e8b465ee728b)
Start importing Assets/Prefabs/Daisy.prefab using Guid(c63db5a10b5affd4e8759d04a2b526bf) Importer(815301076,1909f56bfc062723c751e8b465ee728b)  -> (artifact id: '0e984b1a42c8a99266e593e1311e6211') in 0.002034 seconds
Number of updated asset objects reloaded before import = 0
Number of asset objects unloaded after import = 4
========================================================================
Received Import Request.
  Time since last request: 11.572563 seconds.
  path: Assets/Prefabs/Hyaccint.prefab
  artifactKey: Guid(2ef3b1a1102f52c4ea4ccf85c7559f1e) Importer(815301076,1909f56bfc062723c751e8b465ee728b)
Start importing Assets/Prefabs/Hyaccint.prefab using Guid(2ef3b1a1102f52c4ea4ccf85c7559f1e) Importer(815301076,1909f56bfc062723c751e8b465ee728b)  -> (artifact id: 'e22491ca9b74a8e135af39488f3a2942') in 0.002258 seconds
Number of updated asset objects reloaded before import = 0
Number of asset objects unloaded after import = 4
========================================================================
Received Import Request.
  Time since last request: 5.251110 seconds.
  path: Assets/Prefabs/Hyaccinth.prefab
  artifactKey: Guid(2ef3b1a1102f52c4ea4ccf85c7559f1e) Importer(815301076,1909f56bfc062723c751e8b465ee728b)
Start importing Assets/Prefabs/Hyaccinth.prefab using Guid(2ef3b1a1102f52c4ea4ccf85c7559f1e) Importer(815301076,1909f56bfc062723c751e8b465ee728b)  -> (artifact id: 'd769b2cd4bd276d20905ae16bff2bfa4') in 0.002151 seconds
Number of updated asset objects reloaded before import = 0
Number of asset objects unloaded after import = 4
========================================================================
Received Import Request.
  Time since last request: 25.766219 seconds.
  path: Assets/Prefabs/New Prefab.prefab
  artifactKey: Guid(912dffb83eeee964688e6ead81c7b0c4) Importer(815301076,1909f56bfc062723c751e8b465ee728b)
Start importing Assets/Prefabs/New Prefab.prefab using Guid(912dffb83eeee964688e6ead81c7b0c4) Importer(815301076,1909f56bfc062723c751e8b465ee728b)  -> (artifact id: '0f4a53908d6d4e1f0247e7de16d2cec6') in 0.002085 seconds
Number of updated asset objects reloaded before import = 0
Number of asset objects unloaded after import = 4
========================================================================
Received Import Request.
  Time since last request: 14.197789 seconds.
  path: Assets/Prefabs/Azela.prefab
  artifactKey: Guid(502c347f041de1d4285539e73b08fedc) Importer(815301076,1909f56bfc062723c751e8b465ee728b)
Start importing Assets/Prefabs/Azela.prefab using Guid(502c347f041de1d4285539e73b08fedc) Importer(815301076,1909f56bfc062723c751e8b465ee728b)  -> (artifact id: 'a2a91894fb73a3b14947f6ef547385de') in 0.002353 seconds
Number of updated asset objects reloaded before import = 0
Number of asset objects unloaded after import = 4
========================================================================
Received Import Request.
  Time since last request: 7.453623 seconds.
  path: Assets/Prefabs/Azelea.prefab
  artifactKey: Guid(502c347f041de1d4285539e73b08fedc) Importer(815301076,1909f56bfc062723c751e8b465ee728b)
Start importing Assets/Prefabs/Azelea.prefab using Guid(502c347f041de1d4285539e73b08fedc) Importer(815301076,1909f56bfc062723c751e8b465ee728b)  -> (artifact id: 'dbc05cbab532da3f07e11262fe7ffe8d') in 0.001930 seconds
Number of updated asset objects reloaded before import = 0
Number of asset objects unloaded after import = 4
========================================================================
Received Import Request.
  Time since last request: 50.751463 seconds.
  path: Assets/Animations
  artifactKey: Guid(d7bfff323dc197a41846acc3c840c506) Importer(815301076,1909f56bfc062723c751e8b465ee728b)
Start importing Assets/Animations using Guid(d7bfff323dc197a41846acc3c840c506) Importer(815301076,1909f56bfc062723c751e8b465ee728b)  -> (artifact id: '8e3c205a57f50a09a819165ff8795c5a') in 0.000837 seconds
Number of updated asset objects reloaded before import = 0
Number of asset objects unloaded after import = 0
========================================================================
Received Import Request.
  Time since last request: 130.223072 seconds.
  path: Assets/Animations/Azalea.anim
  artifactKey: Guid(2adf74c811efcf545b9b6f2e9f186c4e) Importer(815301076,1909f56bfc062723c751e8b465ee728b)
Start importing Assets/Animations/Azalea.anim using Guid(2adf74c811efcf545b9b6f2e9f186c4e) Importer(815301076,1909f56bfc062723c751e8b465ee728b)  -> (artifact id: '32d9ed2edd6cabbddd5f3866fc095610') in 0.001734 seconds
Number of updated asset objects reloaded before import = 0
Number of asset objects unloaded after import = 1
========================================================================
Received Import Request.
  Time since last request: 23.885088 seconds.
  path: Assets/Animations/Azalea.controller
  artifactKey: Guid(882bf98a6396a7645869c8c7bf38dc6b) Importer(815301076,1909f56bfc062723c751e8b465ee728b)
Start importing Assets/Animations/Azalea.controller using Guid(882bf98a6396a7645869c8c7bf38dc6b) Importer(815301076,1909f56bfc062723c751e8b465ee728b)  -> (artifact id: '7bd5d36925140e0765ff22fb8654efdf') in 0.002196 seconds
Number of updated asset objects reloaded before import = 0
Number of asset objects unloaded after import = 1
========================================================================
Received Import Request.
  Time since last request: 390.471759 seconds.
  path: Assets/Prefabs/Azelea.prefab
  artifactKey: Guid(502c347f041de1d4285539e73b08fedc) Importer(815301076,1909f56bfc062723c751e8b465ee728b)
Start importing Assets/Prefabs/Azelea.prefab using Guid(502c347f041de1d4285539e73b08fedc) Importer(815301076,1909f56bfc062723c751e8b465ee728b)  -> (artifact id: 'cb38857d96a30bcdbdf3cf1703bab345') in 0.002737 seconds
Number of updated asset objects reloaded before import = 0
Number of asset objects unloaded after import = 5
========================================================================
Received Import Request.
  Time since last request: 2.929024 seconds.
  path: Assets/Prefabs/Azelea.prefab
  artifactKey: Guid(502c347f041de1d4285539e73b08fedc) Importer(815301076,1909f56bfc062723c751e8b465ee728b)
Start importing Assets/Prefabs/Azelea.prefab using Guid(502c347f041de1d4285539e73b08fedc) Importer(815301076,1909f56bfc062723c751e8b465ee728b)  -> (artifact id: 'b6a23a1227a5fe3ca2fa9bd8b3b103f5') in 0.001985 seconds
Number of updated asset objects reloaded before import = 0
Number of asset objects unloaded after import = 5
========================================================================
Received Import Request.
  Time since last request: 344.186945 seconds.
  path: Assets/Animations/Azalea_Grow.anim
  artifactKey: Guid(2adf74c811efcf545b9b6f2e9f186c4e) Importer(815301076,1909f56bfc062723c751e8b465ee728b)
Start importing Assets/Animations/Azalea_Grow.anim using Guid(2adf74c811efcf545b9b6f2e9f186c4e) Importer(815301076,1909f56bfc062723c751e8b465ee728b)  -> (artifact id: '82bce14814b85a8557cdd521b5a8b221') in 0.001468 seconds
Number of updated asset objects reloaded before import = 0
Number of asset objects unloaded after import = 1
========================================================================
Received Import Request.
  Time since last request: 14.830084 seconds.
  path: Assets/Prefabs/Azelea.prefab
  artifactKey: Guid(502c347f041de1d4285539e73b08fedc) Importer(815301076,1909f56bfc062723c751e8b465ee728b)
Start importing Assets/Prefabs/Azelea.prefab using Guid(502c347f041de1d4285539e73b08fedc) Importer(815301076,1909f56bfc062723c751e8b465ee728b)  -> (artifact id: 'bb7bbc620ef586832950058bac6bf601') in 0.002758 seconds
Number of updated asset objects reloaded before import = 0
Number of asset objects unloaded after import = 6
========================================================================
Received Import Request.
  Time since last request: 8.225315 seconds.
  path: Assets/Prefabs/Azelea.prefab
  artifactKey: Guid(502c347f041de1d4285539e73b08fedc) Importer(815301076,1909f56bfc062723c751e8b465ee728b)
Start importing Assets/Prefabs/Azelea.prefab using Guid(502c347f041de1d4285539e73b08fedc) Importer(815301076,1909f56bfc062723c751e8b465ee728b) The AnimationClip 'Azalea_Grow' used by the Animation component 'Azelea' must be marked as Legacy.
 -> (artifact id: '734fb2bd915e0fe0f965ad93d100bbff') in 0.002687 seconds
Number of updated asset objects reloaded before import = 0
Number of asset objects unloaded after import = 7
========================================================================
Received Import Request.
  Time since last request: 95.012532 seconds.
  path: Assets/Animations/Azelea.controller
  artifactKey: Guid(3c96bea6b50854949a347374e48ef549) Importer(815301076,1909f56bfc062723c751e8b465ee728b)
Start importing Assets/Animations/Azelea.controller using Guid(3c96bea6b50854949a347374e48ef549) Importer(815301076,1909f56bfc062723c751e8b465ee728b)  -> (artifact id: '6276d0feea8ae8d359bc3db36fa8e7b3') in 0.001635 seconds
Number of updated asset objects reloaded before import = 0
Number of asset objects unloaded after import = 1
========================================================================
Received Import Request.
  Time since last request: 54.780975 seconds.
  path: Assets/Animations/Azelea_Test.anim
  artifactKey: Guid(f329ddc328024c4459d2183f0685f990) Importer(815301076,1909f56bfc062723c751e8b465ee728b)
Start importing Assets/Animations/Azelea_Test.anim using Guid(f329ddc328024c4459d2183f0685f990) Importer(815301076,1909f56bfc062723c751e8b465ee728b)  -> (artifact id: '56590843d70d75afbdb65e74009903a6') in 0.001669 seconds
Number of updated asset objects reloaded before import = 0
Number of asset objects unloaded after import = 1
========================================================================
Received Import Request.
  Time since last request: 5.193464 seconds.
  path: Assets/Animations/Azelea_Grow.anim
  artifactKey: Guid(f329ddc328024c4459d2183f0685f990) Importer(815301076,1909f56bfc062723c751e8b465ee728b)
Start importing Assets/Animations/Azelea_Grow.anim using Guid(f329ddc328024c4459d2183f0685f990) Importer(815301076,1909f56bfc062723c751e8b465ee728b)  -> (artifact id: '27895a9ede786e14eb22441a27ac135c') in 0.001427 seconds
Number of updated asset objects reloaded before import = 0
Number of asset objects unloaded after import = 1
========================================================================
Received Import Request.
  Time since last request: 4.772179 seconds.
  path: Assets/Art/My standins/flower-removebg-preview.png
  artifactKey: Guid(82e7ca293479eef4a913c1cf67bf26d4) Importer(815301076,1909f56bfc062723c751e8b465ee728b)
Start importing Assets/Art/My standins/flower-removebg-preview.png using Guid(82e7ca293479eef4a913c1cf67bf26d4) Importer(815301076,1909f56bfc062723c751e8b465ee728b)  -> (artifact id: 'fe0843cd07d1e1d2d131d5e45ace4943') in 0.156098 seconds
Number of updated asset objects reloaded before import = 0
Number of asset objects unloaded after import = 3
========================================================================
Received Import Request.
  Time since last request: 4.771110 seconds.
  path: Assets/Prefabs/Azelea.prefab
  artifactKey: Guid(502c347f041de1d4285539e73b08fedc) Importer(815301076,1909f56bfc062723c751e8b465ee728b)
Start importing Assets/Prefabs/Azelea.prefab using Guid(502c347f041de1d4285539e73b08fedc) Importer(815301076,1909f56bfc062723c751e8b465ee728b)  -> (artifact id: 'b8f04b05ecd720da4fe57e93aa0a8f73') in 0.002382 seconds
Number of updated asset objects reloaded before import = 0
Number of asset objects unloaded after import = 6
========================================================================
Received Import Request.
  Time since last request: 4.808334 seconds.
  path: Assets/Prefabs/Azelea.prefab
  artifactKey: Guid(502c347f041de1d4285539e73b08fedc) Importer(815301076,1909f56bfc062723c751e8b465ee728b)
Start importing Assets/Prefabs/Azelea.prefab using Guid(502c347f041de1d4285539e73b08fedc) Importer(815301076,1909f56bfc062723c751e8b465ee728b) The AnimationClip 'Azelea_Grow' used by the Animation component 'Azelea' must be marked as Legacy.
 -> (artifact id: '026b30ffdba547121a896660a85536b8') in 0.002952 seconds
Number of updated asset objects reloaded before import = 0
Number of asset objects unloaded after import = 7
========================================================================
Received Prepare
Begin MonoManager ReloadAssembly
- Loaded All Assemblies, in  0.819 seconds
Refreshing native plugins compatible for Editor in 6.17 ms, found 4 plugins.
Native extension for WindowsStandalone target not found
Native extension for WebGL target not found
System.Exception: Error! Visual Scripting: couldn't find visual scripting package
  at Unity.VisualScripting.PackageVersionUtility.get_version () [0x00043] in .\Library\PackageCache\com.unity.visualscripting@1.9.1\Editor\VisualScripting.Core\Utilities\PackageVersionUtility.cs:31 
  at Unity.VisualScripting.BoltCoreManifest.get_version () [0x00000] in .\Library\PackageCache\com.unity.visualscripting@1.9.1\Editor\VisualScripting.Core\Plugin\BoltCoreManifest.cs:11 
  at Unity.VisualScripting.PluginManifest.get_currentVersion () [0x00000] in .\Library\PackageCache\com.unity.visualscripting@1.9.1\Editor\VisualScripting.Core\Plugins\PluginManifest.cs:33 
  at Unity.VisualScripting.PluginManifest.get_versionMismatch () [0x00000] in .\Library\PackageCache\com.unity.visualscripting@1.9.1\Editor\VisualScripting.Core\Plugins\PluginManifest.cs:48 
  at Unity.VisualScripting.PluginContainer.Initialize () [0x00525] in .\Library\PackageCache\com.unity.visualscripting@1.9.1\Editor\VisualScripting.Core\Plugins\PluginContainer.cs:208 
  at Unity.VisualScripting.PluginContainer.InitializeOnLoad () [0x00009] in .\Library\PackageCache\com.unity.visualscripting@1.9.1\Editor\VisualScripting.Core\Plugins\PluginContainer.cs:32 
  at Unity.VisualScripting.VSUsageUtility.DoInitializeOnLoadCalls () [0x00034] in .\Library\PackageCache\com.unity.visualscripting@1.9.1\Editor\VisualScripting.Core\Utilities\VSUsageUtility.cs:76 
  at Unity.VisualScripting.VSUsageUtility.set_isVisualScriptingUsed (System.Boolean value) [0x0002c] in .\Library\PackageCache\com.unity.visualscripting@1.9.1\Editor\VisualScripting.Core\Utilities\VSUsageUtility.cs:114 
  at Unity.VisualScripting.VSUsageUtility.CheckAndSetIsVisualScriptingUsed () [0x0000d] in .\Library\PackageCache\com.unity.visualscripting@1.9.1\Editor\VisualScripting.Core\Utilities\VSUsageUtility.cs:33 
  at Unity.VisualScripting.VSUsageUtility..cctor () [0x00000] in .\Library\PackageCache\com.unity.visualscripting@1.9.1\Editor\VisualScripting.Core\Utilities\VSUsageUtility.cs:22 
UnityEngine.StackTraceUtility:ExtractStackTrace ()
UnityEngine.DebugLogHandler:LogFormat (UnityEngine.LogType,UnityEngine.Object,string,object[])
UnityEngine.Logger:Log (UnityEngine.LogType,object)
UnityEngine.Debug:LogError (object)
UnityEditor.EditorAssemblies:ProcessInitializeOnLoadAttributes (System.Type[])

[Package Manager] Server::EnsureServerProcessIsRunning -- launch failed, reason: Unity was launched with the -noUpm command-line argument
[Package Manager] UpmClient::Send -- Unable to send message (not connected to UPM process).
[Package Manager] Cannot connect to Unity Package Manager local server
Mono: successfully reloaded assembly
- Finished resetting the current domain, in  3.313 seconds
Domain Reload Profiling: 4128ms
	BeginReloadAssembly (291ms)
		ExecutionOrderSort (0ms)
		DisableScriptedObjects (22ms)
		BackupInstance (0ms)
		ReleaseScriptingObjects (0ms)
		CreateAndSetChildDomain (85ms)
	RebuildCommonClasses (40ms)
	RebuildNativeTypeToScriptingClass (11ms)
	initialDomainReloadingComplete (37ms)
	LoadAllAssembliesAndSetupDomain (435ms)
		LoadAssemblies (531ms)
		RebuildTransferFunctionScriptingTraits (0ms)
		AnalyzeDomain (26ms)
			TypeCache.Refresh (16ms)
				TypeCache.ScanAssembly (0ms)
			ScanForSourceGeneratedMonoScriptInfo (0ms)
			ResolveRequiredComponents (9ms)
	FinalizeReload (3313ms)
		ReleaseScriptCaches (0ms)
		RebuildScriptCaches (0ms)
		SetupLoadedEditorAssemblies (649ms)
			LogAssemblyErrors (0ms)
			InitializePlatformSupportModulesInManaged (10ms)
			SetLoadedEditorAssemblies (3ms)
			RefreshPlugins (0ms)
			BeforeProcessingInitializeOnLoad (82ms)
			ProcessInitializeOnLoadAttributes (508ms)
			ProcessInitializeOnLoadMethodAttributes (37ms)
			AfterProcessingInitializeOnLoad (8ms)
			EditorAssembliesLoaded (0ms)
		ExecutionOrderSort2 (0ms)
		AwakeInstancesAfterBackupRestoration (13ms)
Refreshing native plugins compatible for Editor in 7.46 ms, found 4 plugins.
Preloading 0 native plugins for Editor in 0.00 ms.
Unloading 4020 Unused Serialized files (Serialized files now loaded: 0)
Unloading 42 unused Assets / (217.1 KB). Loaded Objects now: 4524.
Memory consumption went from 150.3 MB to 150.1 MB.
Total: 14.463600 ms (FindLiveObjects: 0.406100 ms CreateObjectMapping: 0.100400 ms MarkObjects: 13.701100 ms  DeleteObjects: 0.254500 ms)

Prepare: number of updated asset objects reloaded= 0
AssetImportParameters requested are different than current active one (requested -> active):
  custom:container-demuxer-ogg: 62fdf1f143b41e24485cea50d1cbac27 -> 
  custom:video-codec-MediaFoundation-h265: 746d11721c4dcdbdad8f713fa42b33f4 -> 
  custom:video-decoder-ogg-theora: a1e56fd34408186e4bbccfd4996cb3dc -> 
  custom:framework-win-MediaFoundation: 216162199b28c13a410421893ffa2e32 -> 
  custom:CustomObjectIndexerAttribute: 43b350a4d6e6d1791af0b5038c4bea17 -> 
  custom:container-demuxer-webm: 4f35f7cbe854078d1ac9338744f61a02 -> 
  custom:container-muxer-webm: aa71ff27fc2769a1b78a27578f13a17b -> 
  custom:video-decoder-webm-vp8: 9c59270c3fd7afecdb556c50c9e8de78 -> 
  custom:SearchIndexIgnoredProperties: e643bd26f0fe6173181afceb89e7c659 -> 
  custom:AudioImporter_EditorPlatform: d09bf68614088b80899f8185d706f6e7 -> 
  custom:video-encoder-webm-vp8: eb34c28f22e8b96e1ab97ce403110664 -> 
  custom:audio-decoder-ogg-vorbis: bf7c407c2cedff20999df2af8eb42d56 -> 
  custom:audio-encoder-webm-vorbis: bf7c407c2cedff20999df2af8eb42d56 -> 
========================================================================
Received Import Request.
  Time since last request: 69.869913 seconds.
  path: Assets/Prefabs/Azelea.prefab
  artifactKey: Guid(502c347f041de1d4285539e73b08fedc) Importer(815301076,1909f56bfc062723c751e8b465ee728b)
Start importing Assets/Prefabs/Azelea.prefab using Guid(502c347f041de1d4285539e73b08fedc) Importer(815301076,1909f56bfc062723c751e8b465ee728b) The Animator Controller (Azelea) you have used is not valid. Animations will not play
UnityEngine.StackTraceUtility:ExtractStackTrace ()
UnityEditor.EditorUtility:Internal_InstantiateRemoveAllNonAnimationComponentsSingle (UnityEngine.Object,UnityEngine.Vector3,UnityEngine.Quaternion)
UnityEditor.EditorUtility:InstantiateRemoveAllNonAnimationComponents (UnityEngine.Object,UnityEngine.Vector3,UnityEngine.Quaternion)
UnityEditor.EditorUtility:InstantiateForAnimatorPreview (UnityEngine.Object)
UnityEditor.GameObjectInspector/PreviewData:UpdateGameObject (UnityEngine.Object)
UnityEditor.GameObjectInspector/PreviewData:.ctor (UnityEngine.Object,bool)
UnityEditor.GameObjectInspector:GetPreviewData (bool)
UnityEditor.GameObjectInspector:RenderStaticPreview (string,UnityEngine.Object[],int,int)
UnityEditor.AssetPreviewUpdater:CreatePreview (UnityEngine.Object,UnityEngine.Object[],string,int,int)
UnityEditor.AssetPreviewUpdater:CreatePreviewForAsset (UnityEngine.Object,UnityEngine.Object[],string)

[C:\build\output\unity\unity\Modules\Animation\Director\AnimatorControllerPlayable.cpp line 333]

 -> (artifact id: 'fba77bbfa43767641c509b577530f42b') in 0.102616 seconds
Number of updated asset objects reloaded before import = 0
Number of asset objects unloaded after import = 10
========================================================================
Received Prepare
Begin MonoManager ReloadAssembly
- Loaded All Assemblies, in  0.579 seconds
Refreshing native plugins compatible for Editor in 6.22 ms, found 4 plugins.
Native extension for WindowsStandalone target not found
Native extension for WebGL target not found
System.Exception: Error! Visual Scripting: couldn't find visual scripting package
  at Unity.VisualScripting.PackageVersionUtility.get_version () [0x00043] in .\Library\PackageCache\com.unity.visualscripting@1.9.1\Editor\VisualScripting.Core\Utilities\PackageVersionUtility.cs:31 
  at Unity.VisualScripting.BoltCoreManifest.get_version () [0x00000] in .\Library\PackageCache\com.unity.visualscripting@1.9.1\Editor\VisualScripting.Core\Plugin\BoltCoreManifest.cs:11 
  at Unity.VisualScripting.PluginManifest.get_currentVersion () [0x00000] in .\Library\PackageCache\com.unity.visualscripting@1.9.1\Editor\VisualScripting.Core\Plugins\PluginManifest.cs:33 
  at Unity.VisualScripting.PluginManifest.get_versionMismatch () [0x00000] in .\Library\PackageCache\com.unity.visualscripting@1.9.1\Editor\VisualScripting.Core\Plugins\PluginManifest.cs:48 
  at Unity.VisualScripting.PluginContainer.Initialize () [0x00525] in .\Library\PackageCache\com.unity.visualscripting@1.9.1\Editor\VisualScripting.Core\Plugins\PluginContainer.cs:208 
  at Unity.VisualScripting.PluginContainer.InitializeOnLoad () [0x00009] in .\Library\PackageCache\com.unity.visualscripting@1.9.1\Editor\VisualScripting.Core\Plugins\PluginContainer.cs:32 
  at Unity.VisualScripting.VSUsageUtility.DoInitializeOnLoadCalls () [0x00034] in .\Library\PackageCache\com.unity.visualscripting@1.9.1\Editor\VisualScripting.Core\Utilities\VSUsageUtility.cs:76 
  at Unity.VisualScripting.VSUsageUtility.set_isVisualScriptingUsed (System.Boolean value) [0x0002c] in .\Library\PackageCache\com.unity.visualscripting@1.9.1\Editor\VisualScripting.Core\Utilities\VSUsageUtility.cs:114 
  at Unity.VisualScripting.VSUsageUtility.CheckAndSetIsVisualScriptingUsed () [0x0000d] in .\Library\PackageCache\com.unity.visualscripting@1.9.1\Editor\VisualScripting.Core\Utilities\VSUsageUtility.cs:33 
  at Unity.VisualScripting.VSUsageUtility..cctor () [0x00000] in .\Library\PackageCache\com.unity.visualscripting@1.9.1\Editor\VisualScripting.Core\Utilities\VSUsageUtility.cs:22 
UnityEngine.StackTraceUtility:ExtractStackTrace ()
UnityEngine.DebugLogHandler:LogFormat (UnityEngine.LogType,UnityEngine.Object,string,object[])
UnityEngine.Logger:Log (UnityEngine.LogType,object)
UnityEngine.Debug:LogError (object)
UnityEditor.EditorAssemblies:ProcessInitializeOnLoadAttributes (System.Type[])

[Package Manager] Server::EnsureServerProcessIsRunning -- launch failed, reason: Unity was launched with the -noUpm command-line argument
[Package Manager] UpmClient::Send -- Unable to send message (not connected to UPM process).
[Package Manager] Cannot connect to Unity Package Manager local server
Mono: successfully reloaded assembly
- Finished resetting the current domain, in  1.847 seconds
Domain Reload Profiling: 2421ms
	BeginReloadAssembly (196ms)
		ExecutionOrderSort (0ms)
		DisableScriptedObjects (11ms)
		BackupInstance (0ms)
		ReleaseScriptingObjects (0ms)
		CreateAndSetChildDomain (46ms)
	RebuildCommonClasses (37ms)
	RebuildNativeTypeToScriptingClass (12ms)
	initialDomainReloadingComplete (36ms)
	LoadAllAssembliesAndSetupDomain (294ms)
		LoadAssemblies (374ms)
		RebuildTransferFunctionScriptingTraits (0ms)
		AnalyzeDomain (14ms)
			TypeCache.Refresh (7ms)
				TypeCache.ScanAssembly (0ms)
			ScanForSourceGeneratedMonoScriptInfo (0ms)
			ResolveRequiredComponents (5ms)
	FinalizeReload (1847ms)
		ReleaseScriptCaches (0ms)
		RebuildScriptCaches (0ms)
		SetupLoadedEditorAssemblies (736ms)
			LogAssemblyErrors (0ms)
			InitializePlatformSupportModulesInManaged (8ms)
			SetLoadedEditorAssemblies (4ms)
			RefreshPlugins (0ms)
			BeforeProcessingInitializeOnLoad (90ms)
			ProcessInitializeOnLoadAttributes (589ms)
			ProcessInitializeOnLoadMethodAttributes (36ms)
			AfterProcessingInitializeOnLoad (9ms)
			EditorAssembliesLoaded (0ms)
		ExecutionOrderSort2 (0ms)
		AwakeInstancesAfterBackupRestoration (14ms)
Refreshing native plugins compatible for Editor in 6.82 ms, found 4 plugins.
Preloading 0 native plugins for Editor in 0.00 ms.
Unloading 4020 Unused Serialized files (Serialized files now loaded: 0)
Unloading 42 unused Assets / (217.1 KB). Loaded Objects now: 4533.
Memory consumption went from 152.3 MB to 152.1 MB.
Total: 12.303900 ms (FindLiveObjects: 0.476200 ms CreateObjectMapping: 0.246900 ms MarkObjects: 11.211800 ms  DeleteObjects: 0.366800 ms)

Prepare: number of updated asset objects reloaded= 0
AssetImportParameters requested are different than current active one (requested -> active):
  custom:container-demuxer-ogg: 62fdf1f143b41e24485cea50d1cbac27 -> 
  custom:video-codec-MediaFoundation-h265: 746d11721c4dcdbdad8f713fa42b33f4 -> 
  custom:video-decoder-ogg-theora: a1e56fd34408186e4bbccfd4996cb3dc -> 
  custom:framework-win-MediaFoundation: 216162199b28c13a410421893ffa2e32 -> 
  custom:CustomObjectIndexerAttribute: 43b350a4d6e6d1791af0b5038c4bea17 -> 
  custom:container-demuxer-webm: 4f35f7cbe854078d1ac9338744f61a02 -> 
  custom:container-muxer-webm: aa71ff27fc2769a1b78a27578f13a17b -> 
  custom:video-decoder-webm-vp8: 9c59270c3fd7afecdb556c50c9e8de78 -> 
  custom:SearchIndexIgnoredProperties: e643bd26f0fe6173181afceb89e7c659 -> 
  custom:AudioImporter_EditorPlatform: d09bf68614088b80899f8185d706f6e7 -> 
  custom:video-encoder-webm-vp8: eb34c28f22e8b96e1ab97ce403110664 -> 
  custom:audio-decoder-ogg-vorbis: bf7c407c2cedff20999df2af8eb42d56 -> 
  custom:audio-encoder-webm-vorbis: bf7c407c2cedff20999df2af8eb42d56 -> 
========================================================================
Received Import Request.
  Time since last request: 215.418036 seconds.
  path: Assets/Prefabs/Azelea.prefab
  artifactKey: Guid(502c347f041de1d4285539e73b08fedc) Importer(815301076,1909f56bfc062723c751e8b465ee728b)
Start importing Assets/Prefabs/Azelea.prefab using Guid(502c347f041de1d4285539e73b08fedc) Importer(815301076,1909f56bfc062723c751e8b465ee728b) The Animator Controller (Azelea) you have used is not valid. Animations will not play
UnityEngine.StackTraceUtility:ExtractStackTrace ()
UnityEditor.EditorUtility:Internal_InstantiateRemoveAllNonAnimationComponentsSingle (UnityEngine.Object,UnityEngine.Vector3,UnityEngine.Quaternion)
UnityEditor.EditorUtility:InstantiateRemoveAllNonAnimationComponents (UnityEngine.Object,UnityEngine.Vector3,UnityEngine.Quaternion)
UnityEditor.EditorUtility:InstantiateForAnimatorPreview (UnityEngine.Object)
UnityEditor.GameObjectInspector/PreviewData:UpdateGameObject (UnityEngine.Object)
UnityEditor.GameObjectInspector/PreviewData:.ctor (UnityEngine.Object,bool)
UnityEditor.GameObjectInspector:GetPreviewData (bool)
UnityEditor.GameObjectInspector:RenderStaticPreview (string,UnityEngine.Object[],int,int)
UnityEditor.AssetPreviewUpdater:CreatePreview (UnityEngine.Object,UnityEngine.Object[],string,int,int)
UnityEditor.AssetPreviewUpdater:CreatePreviewForAsset (UnityEngine.Object,UnityEngine.Object[],string)

[C:\build\output\unity\unity\Modules\Animation\Director\AnimatorControllerPlayable.cpp line 333]

 -> (artifact id: '8b6098ca23d1c641e9eece5f35880b15') in 0.097867 seconds
Number of updated asset objects reloaded before import = 0
Number of asset objects unloaded after import = 14
========================================================================
Received Import Request.
  Time since last request: 1.588980 seconds.
  path: Assets/Scripts/BeeController.asset
  artifactKey: Guid(17d1f7a5687406f4e90a443e60c1d00b) Importer(815301076,1909f56bfc062723c751e8b465ee728b)
Start importing Assets/Scripts/BeeController.asset using Guid(17d1f7a5687406f4e90a443e60c1d00b) Importer(815301076,1909f56bfc062723c751e8b465ee728b)  -> (artifact id: 'd3302dce881a1809aff7936b01cb19a4') in 0.600886 seconds
Number of updated asset objects reloaded before import = 0
Number of asset objects unloaded after import = 1
========================================================================
Received Import Request.
  Time since last request: 1.289238 seconds.
  path: Assets/Prefabs/Azelea.prefab
  artifactKey: Guid(502c347f041de1d4285539e73b08fedc) Importer(815301076,1909f56bfc062723c751e8b465ee728b)
Start importing Assets/Prefabs/Azelea.prefab using Guid(502c347f041de1d4285539e73b08fedc) Importer(815301076,1909f56bfc062723c751e8b465ee728b) The Animator Controller (Azelea) you have used is not valid. Animations will not play
UnityEngine.StackTraceUtility:ExtractStackTrace ()
UnityEditor.EditorUtility:Internal_InstantiateRemoveAllNonAnimationComponentsSingle (UnityEngine.Object,UnityEngine.Vector3,UnityEngine.Quaternion)
UnityEditor.EditorUtility:InstantiateRemoveAllNonAnimationComponents (UnityEngine.Object,UnityEngine.Vector3,UnityEngine.Quaternion)
UnityEditor.EditorUtility:InstantiateForAnimatorPreview (UnityEngine.Object)
UnityEditor.GameObjectInspector/PreviewData:UpdateGameObject (UnityEngine.Object)
UnityEditor.GameObjectInspector/PreviewData:.ctor (UnityEngine.Object,bool)
UnityEditor.GameObjectInspector:GetPreviewData (bool)
UnityEditor.GameObjectInspector:RenderStaticPreview (string,UnityEngine.Object[],int,int)
UnityEditor.AssetPreviewUpdater:CreatePreview (UnityEngine.Object,UnityEngine.Object[],string,int,int)
UnityEditor.AssetPreviewUpdater:CreatePreviewForAsset (UnityEngine.Object,UnityEngine.Object[],string)

[C:\build\output\unity\unity\Modules\Animation\Director\AnimatorControllerPlayable.cpp line 333]

 -> (artifact id: '10bde96d341a6a74e524544fc059917e') in 0.062380 seconds
Number of updated asset objects reloaded before import = 0
Number of asset objects unloaded after import = 16
========================================================================
Received Import Request.
  Time since last request: 12.318665 seconds.
  path: Assets/Prefabs/Azelea.prefab
  artifactKey: Guid(502c347f041de1d4285539e73b08fedc) Importer(815301076,1909f56bfc062723c751e8b465ee728b)
Start importing Assets/Prefabs/Azelea.prefab using Guid(502c347f041de1d4285539e73b08fedc) Importer(815301076,1909f56bfc062723c751e8b465ee728b) The AnimationClip 'Azelea_Grow' used by the Animation component 'Azelea' must be marked as Legacy.
The AnimationClip 'Azelea_Grow' used by the Animation component 'Azelea(Clone)' must be marked as Legacy.
UnityEngine.StackTraceUtility:ExtractStackTrace ()
UnityEditor.EditorUtility:Internal_InstantiateRemoveAllNonAnimationComponentsSingle (UnityEngine.Object,UnityEngine.Vector3,UnityEngine.Quaternion)
UnityEditor.EditorUtility:InstantiateRemoveAllNonAnimationComponents (UnityEngine.Object,UnityEngine.Vector3,UnityEngine.Quaternion)
UnityEditor.EditorUtility:InstantiateForAnimatorPreview (UnityEngine.Object)
UnityEditor.GameObjectInspector/PreviewData:UpdateGameObject (UnityEngine.Object)
UnityEditor.GameObjectInspector/PreviewData:.ctor (UnityEngine.Object,bool)
UnityEditor.GameObjectInspector:GetPreviewData (bool)
UnityEditor.GameObjectInspector:RenderStaticPreview (string,UnityEngine.Object[],int,int)
UnityEditor.AssetPreviewUpdater:CreatePreview (UnityEngine.Object,UnityEngine.Object[],string,int,int)
UnityEditor.AssetPreviewUpdater:CreatePreviewForAsset (UnityEngine.Object,UnityEngine.Object[],string)

[C:\build\output\unity\unity\Modules\Animation\Animation.cpp line 2087]

The Animator Controller (Azelea) you have used is not valid. Animations will not play
UnityEngine.StackTraceUtility:ExtractStackTrace ()
UnityEditor.EditorUtility:Internal_InstantiateRemoveAllNonAnimationComponentsSingle (UnityEngine.Object,UnityEngine.Vector3,UnityEngine.Quaternion)
UnityEditor.EditorUtility:InstantiateRemoveAllNonAnimationComponents (UnityEngine.Object,UnityEngine.Vector3,UnityEngine.Quaternion)
UnityEditor.EditorUtility:InstantiateForAnimatorPreview (UnityEngine.Object)
UnityEditor.GameObjectInspector/PreviewData:UpdateGameObject (UnityEngine.Object)
UnityEditor.GameObjectInspector/PreviewData:.ctor (UnityEngine.Object,bool)
UnityEditor.GameObjectInspector:GetPreviewData (bool)
UnityEditor.GameObjectInspector:RenderStaticPreview (string,UnityEngine.Object[],int,int)
UnityEditor.AssetPreviewUpdater:CreatePreview (UnityEngine.Object,UnityEngine.Object[],string,int,int)
UnityEditor.AssetPreviewUpdater:CreatePreviewForAsset (UnityEngine.Object,UnityEngine.Object[],string)

[C:\build\output\unity\unity\Modules\Animation\Director\AnimatorControllerPlayable.cpp line 333]

The AnimationClip 'Azelea_Grow' used by the Animation component 'Azelea(Clone)AnimatorPreview' must be marked as Legacy.
UnityEngine.StackTraceUtility:ExtractStackTrace ()
UnityEngine.SceneManagement.SceneManager:MoveGameObjectToScene (UnityEngine.GameObject,UnityEngine.SceneManagement.Scene)
UnityEditor.PreviewScene:AddManagedGO (UnityEngine.GameObject)
UnityEditor.PreviewRenderUtility:AddManagedGO (UnityEngine.GameObject)
UnityEditor.GameObjectInspector/PreviewData:UpdateGameObject (UnityEngine.Object)
UnityEditor.GameObjectInspector/PreviewData:.ctor (UnityEngine.Object,bool)
UnityEditor.GameObjectInspector:GetPreviewData (bool)
UnityEditor.GameObjectInspector:RenderStaticPreview (string,UnityEngine.Object[],int,int)
UnityEditor.AssetPreviewUpdater:CreatePreview (UnityEngine.Object,UnityEngine.Object[],string,int,int)
UnityEditor.AssetPreviewUpdater:CreatePreviewForAsset (UnityEngine.Object,UnityEngine.Object[],string)

[C:\build\output\unity\unity\Modules\Animation\Animation.cpp line 2087]

 -> (artifact id: 'd9f589067d40aae93e7ff37ecb79103a') in 0.020935 seconds
Number of updated asset objects reloaded before import = 0
Number of asset objects unloaded after import = 17
========================================================================
Received Import Request.
  Time since last request: 28.154053 seconds.
  path: Assets/Prefabs/Daisy.controller
  artifactKey: Guid(938032de53977874bb4bbf4afeed7f2b) Importer(815301076,1909f56bfc062723c751e8b465ee728b)
Start importing Assets/Prefabs/Daisy.controller using Guid(938032de53977874bb4bbf4afeed7f2b) Importer(815301076,1909f56bfc062723c751e8b465ee728b)  -> (artifact id: 'b0f2cb280ede2e8987729e9540f584a1') in 0.001412 seconds
Number of updated asset objects reloaded before import = 0
Number of asset objects unloaded after import = 1
========================================================================
Received Import Request.
  Time since last request: 7.703207 seconds.
  path: Assets/Prefabs/Daisy_Grow.anim
  artifactKey: Guid(626c5a4cb3b9f4540acfdab1ee2de1bb) Importer(815301076,1909f56bfc062723c751e8b465ee728b)
Start importing Assets/Prefabs/Daisy_Grow.anim using Guid(626c5a4cb3b9f4540acfdab1ee2de1bb) Importer(815301076,1909f56bfc062723c751e8b465ee728b)  -> (artifact id: '83a92ffaa65a642de688f164cad50437') in 0.001531 seconds
Number of updated asset objects reloaded before import = 0
Number of asset objects unloaded after import = 1
========================================================================
Received Import Request.
  Time since last request: 45.075050 seconds.
  path: Assets/Prefabs/Daisy.prefab
  artifactKey: Guid(c63db5a10b5affd4e8759d04a2b526bf) Importer(815301076,1909f56bfc062723c751e8b465ee728b)
Start importing Assets/Prefabs/Daisy.prefab using Guid(c63db5a10b5affd4e8759d04a2b526bf) Importer(815301076,1909f56bfc062723c751e8b465ee728b)  -> (artifact id: '323d33b80df4fa5cc4cd9c4ab4132619') in 0.002725 seconds
Number of updated asset objects reloaded before import = 0
Number of asset objects unloaded after import = 6
========================================================================
Received Import Request.
  Time since last request: 4.326769 seconds.
  path: Assets/Prefabs/Daisy.prefab
  artifactKey: Guid(c63db5a10b5affd4e8759d04a2b526bf) Importer(815301076,1909f56bfc062723c751e8b465ee728b)
Start importing Assets/Prefabs/Daisy.prefab using Guid(c63db5a10b5affd4e8759d04a2b526bf) Importer(815301076,1909f56bfc062723c751e8b465ee728b)  -> (artifact id: '7440de5d119dd1fd0d83d8b8d1dd91e3') in 0.006167 seconds
Number of updated asset objects reloaded before import = 0
Number of asset objects unloaded after import = 7
========================================================================
Received Import Request.
  Time since last request: 11.622534 seconds.
  path: Assets/Prefabs/Daisy.prefab
  artifactKey: Guid(c63db5a10b5affd4e8759d04a2b526bf) Importer(815301076,1909f56bfc062723c751e8b465ee728b)
Start importing Assets/Prefabs/Daisy.prefab using Guid(c63db5a10b5affd4e8759d04a2b526bf) Importer(815301076,1909f56bfc062723c751e8b465ee728b)  -> (artifact id: '181eeb26883b3e7104a8e86b2694bd78') in 0.002112 seconds
Number of updated asset objects reloaded before import = 0
Number of asset objects unloaded after import = 6
========================================================================
Received Import Request.
  Time since last request: 9.371171 seconds.
  path: Assets/Prefabs/Daisy.prefab
  artifactKey: Guid(c63db5a10b5affd4e8759d04a2b526bf) Importer(815301076,1909f56bfc062723c751e8b465ee728b)
Start importing Assets/Prefabs/Daisy.prefab using Guid(c63db5a10b5affd4e8759d04a2b526bf) Importer(815301076,1909f56bfc062723c751e8b465ee728b)  -> (artifact id: 'e67a5138ee1310648907d14fb27bd61b') in 0.002871 seconds
Number of updated asset objects reloaded before import = 0
Number of asset objects unloaded after import = 8
========================================================================
Received Import Request.
  Time since last request: 2.779950 seconds.
  path: Assets/Prefabs/Daisy.prefab
  artifactKey: Guid(c63db5a10b5affd4e8759d04a2b526bf) Importer(815301076,1909f56bfc062723c751e8b465ee728b)
Start importing Assets/Prefabs/Daisy.prefab using Guid(c63db5a10b5affd4e8759d04a2b526bf) Importer(815301076,1909f56bfc062723c751e8b465ee728b)  -> (artifact id: '0d5cde6e6bb8d48633613fb53af25bf6') in 0.004506 seconds
Number of updated asset objects reloaded before import = 0
Number of asset objects unloaded after import = 9
========================================================================
Received Import Request.
  Time since last request: 9.242688 seconds.
  path: Assets/Prefabs/Daisy.prefab
  artifactKey: Guid(c63db5a10b5affd4e8759d04a2b526bf) Importer(815301076,1909f56bfc062723c751e8b465ee728b)
Start importing Assets/Prefabs/Daisy.prefab using Guid(c63db5a10b5affd4e8759d04a2b526bf) Importer(815301076,1909f56bfc062723c751e8b465ee728b) The AnimationClip 'Daisy_Grow' used by the Animation component 'Daisy' must be marked as Legacy.
 -> (artifact id: 'c9dffef5fa4ff33a1e135243472f0eb6') in 0.004828 seconds
Number of updated asset objects reloaded before import = 0
Number of asset objects unloaded after import = 10
========================================================================
Received Import Request.
  Time since last request: 3.678639 seconds.
  path: Assets/Prefabs/Daisy.prefab
  artifactKey: Guid(c63db5a10b5affd4e8759d04a2b526bf) Importer(815301076,1909f56bfc062723c751e8b465ee728b)
Start importing Assets/Prefabs/Daisy.prefab using Guid(c63db5a10b5affd4e8759d04a2b526bf) Importer(815301076,1909f56bfc062723c751e8b465ee728b) The AnimationClip 'Daisy_Grow' used by the Animation component 'Daisy' must be marked as Legacy.
 -> (artifact id: '9e98f5e6ce807bd2fc46f75ca2f1afb9') in 0.006474 seconds
Number of updated asset objects reloaded before import = 0
Number of asset objects unloaded after import = 10
========================================================================
Received Import Request.
  Time since last request: 184.250783 seconds.
  path: Assets/Animations/Daisy.controller
  artifactKey: Guid(938032de53977874bb4bbf4afeed7f2b) Importer(815301076,1909f56bfc062723c751e8b465ee728b)
Start importing Assets/Animations/Daisy.controller using Guid(938032de53977874bb4bbf4afeed7f2b) Importer(815301076,1909f56bfc062723c751e8b465ee728b)  -> (artifact id: 'f9cac048d635184f80fd879b85adcf43') in 0.002720 seconds
Number of updated asset objects reloaded before import = 0
Number of asset objects unloaded after import = 2
========================================================================
Received Import Request.
  Time since last request: 39.579560 seconds.
  path: Assets/Art/HoneyPot/Complete Jar.png
  artifactKey: Guid(555603496bed3ce45adf78b8f9ae0938) Importer(815301076,1909f56bfc062723c751e8b465ee728b)
Start importing Assets/Art/HoneyPot/Complete Jar.png using Guid(555603496bed3ce45adf78b8f9ae0938) Importer(815301076,1909f56bfc062723c751e8b465ee728b)  -> (artifact id: '4ac04da90dc9dfda1068f09c9dd8fa91') in 0.080022 seconds
Number of updated asset objects reloaded before import = 0
Number of asset objects unloaded after import = 3
========================================================================
Received Import Request.
  Time since last request: 0.000064 seconds.
  path: Assets/Art/HoneyPot/Full Honey .png
  artifactKey: Guid(72300747436802240b554ff05a75257a) Importer(815301076,1909f56bfc062723c751e8b465ee728b)
Start importing Assets/Art/HoneyPot/Full Honey .png using Guid(72300747436802240b554ff05a75257a) Importer(815301076,1909f56bfc062723c751e8b465ee728b)  -> (artifact id: 'ff138d4708977c3d3abab5df780e9909') in 0.091883 seconds
Number of updated asset objects reloaded before import = 0
Number of asset objects unloaded after import = 3
========================================================================
Received Import Request.
  Time since last request: 0.000030 seconds.
  path: Assets/Art/HoneyPot/Half Honey.png
  artifactKey: Guid(9aadc0742deaf0046adaabbb71e9f4bd) Importer(815301076,1909f56bfc062723c751e8b465ee728b)
Start importing Assets/Art/HoneyPot/Half Honey.png using Guid(9aadc0742deaf0046adaabbb71e9f4bd) Importer(815301076,1909f56bfc062723c751e8b465ee728b)  -> (artifact id: '26e984c4f395b03909b7e593c2225b86') in 0.090175 seconds
Number of updated asset objects reloaded before import = 0
Number of asset objects unloaded after import = 3
========================================================================
Received Import Request.
  Time since last request: 0.000021 seconds.
  path: Assets/Art/HoneyPot/More Honey.png
  artifactKey: Guid(751dc64c39748574ea4f6314e451513d) Importer(815301076,1909f56bfc062723c751e8b465ee728b)
Start importing Assets/Art/HoneyPot/More Honey.png using Guid(751dc64c39748574ea4f6314e451513d) Importer(815301076,1909f56bfc062723c751e8b465ee728b)  -> (artifact id: '3b2700ace59b3cb642275353edef42f2') in 0.020313 seconds
Number of updated asset objects reloaded before import = 0
Number of asset objects unloaded after import = 3
========================================================================
Received Import Request.
  Time since last request: 74.130591 seconds.
  path: Assets/Prefabs/Daisy_Grow.anim
  artifactKey: Guid(9594ff8709d9b0847a73abbad324aecb) Importer(815301076,1909f56bfc062723c751e8b465ee728b)
Start importing Assets/Prefabs/Daisy_Grow.anim using Guid(9594ff8709d9b0847a73abbad324aecb) Importer(815301076,1909f56bfc062723c751e8b465ee728b)  -> (artifact id: '091c8f40478961462eb4e9569369aec4') in 0.001612 seconds
Number of updated asset objects reloaded before import = 0
Number of asset objects unloaded after import = 1
========================================================================
Received Import Request.
  Time since last request: 109.996110 seconds.
  path: Assets/Prefabs/Azelea.prefab
  artifactKey: Guid(502c347f041de1d4285539e73b08fedc) Importer(815301076,1909f56bfc062723c751e8b465ee728b)
Start importing Assets/Prefabs/Azelea.prefab using Guid(502c347f041de1d4285539e73b08fedc) Importer(815301076,1909f56bfc062723c751e8b465ee728b) The AnimationClip 'Azelea_Grow' used by the Animation component 'Azelea' must be marked as Legacy.
The AnimationClip 'Azelea_Grow' used by the Animation component 'Azelea(Clone)' must be marked as Legacy.
UnityEngine.StackTraceUtility:ExtractStackTrace ()
UnityEditor.EditorUtility:Internal_InstantiateRemoveAllNonAnimationComponentsSingle (UnityEngine.Object,UnityEngine.Vector3,UnityEngine.Quaternion)
UnityEditor.EditorUtility:InstantiateRemoveAllNonAnimationComponents (UnityEngine.Object,UnityEngine.Vector3,UnityEngine.Quaternion)
UnityEditor.EditorUtility:InstantiateForAnimatorPreview (UnityEngine.Object)
UnityEditor.GameObjectInspector/PreviewData:UpdateGameObject (UnityEngine.Object)
UnityEditor.GameObjectInspector/PreviewData:.ctor (UnityEngine.Object,bool)
UnityEditor.GameObjectInspector:GetPreviewData (bool)
UnityEditor.GameObjectInspector:RenderStaticPreview (string,UnityEngine.Object[],int,int)
UnityEditor.AssetPreviewUpdater:CreatePreview (UnityEngine.Object,UnityEngine.Object[],string,int,int)
UnityEditor.AssetPreviewUpdater:CreatePreviewForAsset (UnityEngine.Object,UnityEngine.Object[],string)

[C:\build\output\unity\unity\Modules\Animation\Animation.cpp line 2087]

The Animator Controller (Azelea) you have used is not valid. Animations will not play
UnityEngine.StackTraceUtility:ExtractStackTrace ()
UnityEditor.EditorUtility:Internal_InstantiateRemoveAllNonAnimationComponentsSingle (UnityEngine.Object,UnityEngine.Vector3,UnityEngine.Quaternion)
UnityEditor.EditorUtility:InstantiateRemoveAllNonAnimationComponents (UnityEngine.Object,UnityEngine.Vector3,UnityEngine.Quaternion)
UnityEditor.EditorUtility:InstantiateForAnimatorPreview (UnityEngine.Object)
UnityEditor.GameObjectInspector/PreviewData:UpdateGameObject (UnityEngine.Object)
UnityEditor.GameObjectInspector/PreviewData:.ctor (UnityEngine.Object,bool)
UnityEditor.GameObjectInspector:GetPreviewData (bool)
UnityEditor.GameObjectInspector:RenderStaticPreview (string,UnityEngine.Object[],int,int)
UnityEditor.AssetPreviewUpdater:CreatePreview (UnityEngine.Object,UnityEngine.Object[],string,int,int)
UnityEditor.AssetPreviewUpdater:CreatePreviewForAsset (UnityEngine.Object,UnityEngine.Object[],string)

[C:\build\output\unity\unity\Modules\Animation\Director\AnimatorControllerPlayable.cpp line 333]

The AnimationClip 'Azelea_Grow' used by the Animation component 'Azelea(Clone)AnimatorPreview' must be marked as Legacy.
UnityEngine.StackTraceUtility:ExtractStackTrace ()
UnityEngine.SceneManagement.SceneManager:MoveGameObjectToScene (UnityEngine.GameObject,UnityEngine.SceneManagement.Scene)
UnityEditor.PreviewScene:AddManagedGO (UnityEngine.GameObject)
UnityEditor.PreviewRenderUtility:AddManagedGO (UnityEngine.GameObject)
UnityEditor.GameObjectInspector/PreviewData:UpdateGameObject (UnityEngine.Object)
UnityEditor.GameObjectInspector/PreviewData:.ctor (UnityEngine.Object,bool)
UnityEditor.GameObjectInspector:GetPreviewData (bool)
UnityEditor.GameObjectInspector:RenderStaticPreview (string,UnityEngine.Object[],int,int)
UnityEditor.AssetPreviewUpdater:CreatePreview (UnityEngine.Object,UnityEngine.Object[],string,int,int)
UnityEditor.AssetPreviewUpdater:CreatePreviewForAsset (UnityEngine.Object,UnityEngine.Object[],string)

[C:\build\output\unity\unity\Modules\Animation\Animation.cpp line 2087]

 -> (artifact id: 'a227e36a7469e7ce5c1609864d56f14c') in 0.022034 seconds
Number of updated asset objects reloaded before import = 0
Number of asset objects unloaded after import = 17
========================================================================
Received Import Request.
  Time since last request: 8.256809 seconds.
  path: Assets/Prefabs/Daisy.prefab
  artifactKey: Guid(c63db5a10b5affd4e8759d04a2b526bf) Importer(815301076,1909f56bfc062723c751e8b465ee728b)
Start importing Assets/Prefabs/Daisy.prefab using Guid(c63db5a10b5affd4e8759d04a2b526bf) Importer(815301076,1909f56bfc062723c751e8b465ee728b) The AnimationClip 'Daisy_Grow' used by the Animation component 'Daisy' must be marked as Legacy.
 -> (artifact id: '499352bfa61798b9d77625e58bfc09fd') in 0.005860 seconds
Number of updated asset objects reloaded before import = 0
Number of asset objects unloaded after import = 10
========================================================================
Received Import Request.
  Time since last request: 8.136122 seconds.
  path: Assets/Prefabs/Daisy.prefab
  artifactKey: Guid(c63db5a10b5affd4e8759d04a2b526bf) Importer(815301076,1909f56bfc062723c751e8b465ee728b)
Start importing Assets/Prefabs/Daisy.prefab using Guid(c63db5a10b5affd4e8759d04a2b526bf) Importer(815301076,1909f56bfc062723c751e8b465ee728b) The AnimationClip 'Daisy_Grow' used by the Animation component 'Daisy' must be marked as Legacy.
 -> (artifact id: '7a8c253a038bdcf14a0a9b90bf10d624') in 0.005922 seconds
Number of updated asset objects reloaded before import = 0
Number of asset objects unloaded after import = 11
========================================================================
Received Import Request.
  Time since last request: 5.081157 seconds.
  path: Assets/Prefabs/Daisy.prefab
  artifactKey: Guid(c63db5a10b5affd4e8759d04a2b526bf) Importer(815301076,1909f56bfc062723c751e8b465ee728b)
Start importing Assets/Prefabs/Daisy.prefab using Guid(c63db5a10b5affd4e8759d04a2b526bf) Importer(815301076,1909f56bfc062723c751e8b465ee728b) The AnimationClip 'Daisy_Grow' used by the Animation component 'Daisy' must be marked as Legacy.
The AnimationClip 'Daisy_Grow' used by the Animation component 'Daisy(Clone)' must be marked as Legacy.
UnityEngine.StackTraceUtility:ExtractStackTrace ()
UnityEditor.EditorUtility:Internal_InstantiateRemoveAllNonAnimationComponentsSingle (UnityEngine.Object,UnityEngine.Vector3,UnityEngine.Quaternion)
UnityEditor.EditorUtility:InstantiateRemoveAllNonAnimationComponents (UnityEngine.Object,UnityEngine.Vector3,UnityEngine.Quaternion)
UnityEditor.EditorUtility:InstantiateForAnimatorPreview (UnityEngine.Object)
UnityEditor.GameObjectInspector/PreviewData:UpdateGameObject (UnityEngine.Object)
UnityEditor.GameObjectInspector/PreviewData:.ctor (UnityEngine.Object,bool)
UnityEditor.GameObjectInspector:GetPreviewData (bool)
UnityEditor.GameObjectInspector:RenderStaticPreview (string,UnityEngine.Object[],int,int)
UnityEditor.AssetPreviewUpdater:CreatePreview (UnityEngine.Object,UnityEngine.Object[],string,int,int)
UnityEditor.AssetPreviewUpdater:CreatePreviewForAsset (UnityEngine.Object,UnityEngine.Object[],string)

[C:\build\output\unity\unity\Modules\Animation\Animation.cpp line 2087]

The AnimationClip 'Daisy_Grow' used by the Animation component 'Daisy(Clone)AnimatorPreview' must be marked as Legacy.
UnityEngine.StackTraceUtility:ExtractStackTrace ()
UnityEngine.SceneManagement.SceneManager:MoveGameObjectToScene (UnityEngine.GameObject,UnityEngine.SceneManagement.Scene)
UnityEditor.PreviewScene:AddManagedGO (UnityEngine.GameObject)
UnityEditor.PreviewRenderUtility:AddManagedGO (UnityEngine.GameObject)
UnityEditor.GameObjectInspector/PreviewData:UpdateGameObject (UnityEngine.Object)
UnityEditor.GameObjectInspector/PreviewData:.ctor (UnityEngine.Object,bool)
UnityEditor.GameObjectInspector:GetPreviewData (bool)
UnityEditor.GameObjectInspector:RenderStaticPreview (string,UnityEngine.Object[],int,int)
UnityEditor.AssetPreviewUpdater:CreatePreview (UnityEngine.Object,UnityEngine.Object[],string,int,int)
UnityEditor.AssetPreviewUpdater:CreatePreviewForAsset (UnityEngine.Object,UnityEngine.Object[],string)

[C:\build\output\unity\unity\Modules\Animation\Animation.cpp line 2087]

 -> (artifact id: '1466d9979f1f693bb651e3f609e25743') in 0.039251 seconds
Number of updated asset objects reloaded before import = 0
Number of asset objects unloaded after import = 18
========================================================================
Received Import Request.
  Time since last request: 15.517796 seconds.
  path: Assets/Prefabs/Daisy.prefab
  artifactKey: Guid(c63db5a10b5affd4e8759d04a2b526bf) Importer(815301076,1909f56bfc062723c751e8b465ee728b)
Start importing Assets/Prefabs/Daisy.prefab using Guid(c63db5a10b5affd4e8759d04a2b526bf) Importer(815301076,1909f56bfc062723c751e8b465ee728b) The AnimationClip 'Daisy_Grow' used by the Animation component 'Daisy' must be marked as Legacy.
The AnimationClip 'Daisy_Grow' used by the Animation component 'Daisy(Clone)' must be marked as Legacy.
UnityEngine.StackTraceUtility:ExtractStackTrace ()
UnityEditor.EditorUtility:Internal_InstantiateRemoveAllNonAnimationComponentsSingle (UnityEngine.Object,UnityEngine.Vector3,UnityEngine.Quaternion)
UnityEditor.EditorUtility:InstantiateRemoveAllNonAnimationComponents (UnityEngine.Object,UnityEngine.Vector3,UnityEngine.Quaternion)
UnityEditor.EditorUtility:InstantiateForAnimatorPreview (UnityEngine.Object)
UnityEditor.GameObjectInspector/PreviewData:UpdateGameObject (UnityEngine.Object)
UnityEditor.GameObjectInspector/PreviewData:.ctor (UnityEngine.Object,bool)
UnityEditor.GameObjectInspector:GetPreviewData (bool)
UnityEditor.GameObjectInspector:RenderStaticPreview (string,UnityEngine.Object[],int,int)
UnityEditor.AssetPreviewUpdater:CreatePreview (UnityEngine.Object,UnityEngine.Object[],string,int,int)
UnityEditor.AssetPreviewUpdater:CreatePreviewForAsset (UnityEngine.Object,UnityEngine.Object[],string)

[C:\build\output\unity\unity\Modules\Animation\Animation.cpp line 2087]

The AnimationClip 'Daisy_Grow' used by the Animation component 'Daisy(Clone)AnimatorPreview' must be marked as Legacy.
UnityEngine.StackTraceUtility:ExtractStackTrace ()
UnityEngine.SceneManagement.SceneManager:MoveGameObjectToScene (UnityEngine.GameObject,UnityEngine.SceneManagement.Scene)
UnityEditor.PreviewScene:AddManagedGO (UnityEngine.GameObject)
UnityEditor.PreviewRenderUtility:AddManagedGO (UnityEngine.GameObject)
UnityEditor.GameObjectInspector/PreviewData:UpdateGameObject (UnityEngine.Object)
UnityEditor.GameObjectInspector/PreviewData:.ctor (UnityEngine.Object,bool)
UnityEditor.GameObjectInspector:GetPreviewData (bool)
UnityEditor.GameObjectInspector:RenderStaticPreview (string,UnityEngine.Object[],int,int)
UnityEditor.AssetPreviewUpdater:CreatePreview (UnityEngine.Object,UnityEngine.Object[],string,int,int)
UnityEditor.AssetPreviewUpdater:CreatePreviewForAsset (UnityEngine.Object,UnityEngine.Object[],string)

[C:\build\output\unity\unity\Modules\Animation\Animation.cpp line 2087]

 -> (artifact id: '6989b7268106df7e6dd172f6937fee8d') in 0.026073 seconds
Number of updated asset objects reloaded before import = 0
Number of asset objects unloaded after import = 24
========================================================================
Received Import Request.
  Time since last request: 24.666626 seconds.
  path: Assets/Prefabs/Azelea.prefab
  artifactKey: Guid(502c347f041de1d4285539e73b08fedc) Importer(815301076,1909f56bfc062723c751e8b465ee728b)
Start importing Assets/Prefabs/Azelea.prefab using Guid(502c347f041de1d4285539e73b08fedc) Importer(815301076,1909f56bfc062723c751e8b465ee728b) The AnimationClip 'Azelea_Grow' used by the Animation component 'Azelea' must be marked as Legacy.
The AnimationClip 'Azelea_Grow' used by the Animation component 'Azelea(Clone)' must be marked as Legacy.
UnityEngine.StackTraceUtility:ExtractStackTrace ()
UnityEditor.EditorUtility:Internal_InstantiateRemoveAllNonAnimationComponentsSingle (UnityEngine.Object,UnityEngine.Vector3,UnityEngine.Quaternion)
UnityEditor.EditorUtility:InstantiateRemoveAllNonAnimationComponents (UnityEngine.Object,UnityEngine.Vector3,UnityEngine.Quaternion)
UnityEditor.EditorUtility:InstantiateForAnimatorPreview (UnityEngine.Object)
UnityEditor.GameObjectInspector/PreviewData:UpdateGameObject (UnityEngine.Object)
UnityEditor.GameObjectInspector/PreviewData:.ctor (UnityEngine.Object,bool)
UnityEditor.GameObjectInspector:GetPreviewData (bool)
UnityEditor.GameObjectInspector:RenderStaticPreview (string,UnityEngine.Object[],int,int)
UnityEditor.AssetPreviewUpdater:CreatePreview (UnityEngine.Object,UnityEngine.Object[],string,int,int)
UnityEditor.AssetPreviewUpdater:CreatePreviewForAsset (UnityEngine.Object,UnityEngine.Object[],string)

[C:\build\output\unity\unity\Modules\Animation\Animation.cpp line 2087]

The AnimationClip 'Azelea_Grow' used by the Animation component 'Azelea(Clone)AnimatorPreview' must be marked as Legacy.
UnityEngine.StackTraceUtility:ExtractStackTrace ()
UnityEngine.SceneManagement.SceneManager:MoveGameObjectToScene (UnityEngine.GameObject,UnityEngine.SceneManagement.Scene)
UnityEditor.PreviewScene:AddManagedGO (UnityEngine.GameObject)
UnityEditor.PreviewRenderUtility:AddManagedGO (UnityEngine.GameObject)
UnityEditor.GameObjectInspector/PreviewData:UpdateGameObject (UnityEngine.Object)
UnityEditor.GameObjectInspector/PreviewData:.ctor (UnityEngine.Object,bool)
UnityEditor.GameObjectInspector:GetPreviewData (bool)
UnityEditor.GameObjectInspector:RenderStaticPreview (string,UnityEngine.Object[],int,int)
UnityEditor.AssetPreviewUpdater:CreatePreview (UnityEngine.Object,UnityEngine.Object[],string,int,int)
UnityEditor.AssetPreviewUpdater:CreatePreviewForAsset (UnityEngine.Object,UnityEngine.Object[],string)

[C:\build\output\unity\unity\Modules\Animation\Animation.cpp line 2087]

 -> (artifact id: '033c6eafea7b33f3d19c4171a863b80d') in 0.024059 seconds
Number of updated asset objects reloaded before import = 0
Number of asset objects unloaded after import = 25
